[ 2025-05-30 17:37:52,355 ] 1025 httpx - INFO - HTTP Request: POST https://dagshub.com/login/oauth/middleman "HTTP/1.1 200 OK"
[ 2025-05-30 17:37:52,734 ] 1025 httpx - INFO - HTTP Request: POST https://dagshub.com/login/oauth/access_token "HTTP/1.1 200 OK"
[ 2025-05-30 17:37:53,094 ] 1025 httpx - INFO - HTTP Request: GET https://dagshub.com/api/v1/user "HTTP/1.1 200 OK"
[ 2025-05-30 17:37:53,102 ] 107 dagshub - INFO - Accessing as Rishu0200
[ 2025-05-30 17:37:53,484 ] 1025 httpx - INFO - HTTP Request: GET https://dagshub.com/api/v1/repos/Rishu0200/NetworkSecurity "HTTP/1.1 200 OK"
[ 2025-05-30 17:37:53,920 ] 1025 httpx - INFO - HTTP Request: GET https://dagshub.com/api/v1/user "HTTP/1.1 200 OK"
[ 2025-05-30 17:37:53,925 ] 107 dagshub - INFO - Initialized MLflow to track repo "Rishu0200/NetworkSecurity"
[ 2025-05-30 17:37:53,926 ] 107 dagshub - INFO - Repository Rishu0200/NetworkSecurity initialized!
[ 2025-05-30 17:37:53,926 ] 20 root - INFO - Initiate the data ingestion
[ 2025-05-30 17:37:57,388 ] 65 root - INFO - Performed train test split on the dataframe
[ 2025-05-30 17:37:57,388 ] 67 root - INFO - Exited split_data_as_train_test method of Data_Ingestion class
[ 2025-05-30 17:37:57,389 ] 75 root - INFO - Exporting train and test file path.
[ 2025-05-30 17:37:57,436 ] 84 root - INFO - Exported train and test file path.
[ 2025-05-30 17:37:57,436 ] 22 root - INFO - Data Initiation Completed
[ 2025-05-30 17:37:57,444 ] 26 root - INFO - Initiate the data Validation
[ 2025-05-30 17:37:57,557 ] 32 root - INFO - Required number of columns:2
[ 2025-05-30 17:37:57,557 ] 33 root - INFO - Data frame has columns:31
[ 2025-05-30 17:37:57,557 ] 32 root - INFO - Required number of columns:2
[ 2025-05-30 17:37:57,557 ] 33 root - INFO - Data frame has columns:31
[ 2025-05-30 17:37:57,708 ] 28 root - INFO - data Validation Completed
[ 2025-05-30 17:37:57,708 ] 31 root - INFO - data Transformation started
[ 2025-05-30 17:37:57,709 ] 63 root - INFO - Entered initiate_data_transformation method of DataTransformation class
[ 2025-05-30 17:37:57,709 ] 65 root - INFO - Starting data transformation
[ 2025-05-30 17:37:57,731 ] 48 root - INFO - Entered get_data_trnasformer_object method of Transformation class
[ 2025-05-30 17:37:57,731 ] 53 root - INFO - Initialise KNNImputer with {'missing_values': nan, 'n_neighbors': 3, 'weights': 'uniform'}
[ 2025-05-30 17:37:57,747 ] 46 root - INFO - Entered the save_object method of MainUtils class
[ 2025-05-30 17:37:57,752 ] 50 root - INFO - Exited the save_object method of MainUtils class
[ 2025-05-30 17:37:57,752 ] 46 root - INFO - Entered the save_object method of MainUtils class
[ 2025-05-30 17:37:57,755 ] 50 root - INFO - Exited the save_object method of MainUtils class
[ 2025-05-30 17:37:57,757 ] 35 root - INFO - data Transformation completed
[ 2025-05-30 17:37:57,757 ] 36 root - INFO - Model Training sstared
[ 2025-05-30 17:41:16,791 ] 46 root - INFO - Entered the save_object method of MainUtils class
[ 2025-05-30 17:41:16,792 ] 50 root - INFO - Exited the save_object method of MainUtils class
[ 2025-05-30 17:41:16,792 ] 46 root - INFO - Entered the save_object method of MainUtils class
[ 2025-05-30 17:41:16,813 ] 50 root - INFO - Exited the save_object method of MainUtils class
[ 2025-05-30 17:41:16,814 ] 153 root - INFO - Model trainer artifact: ModelTrainerArtifact(trained_model_file_path='Artifacts\\05_30_2025_17_37_13\\model_trainer\\trained_model\\model.pkl', train_metric_artifact=ClassificationMetricArtifact(f1_score=0.9917255297679112, precision_score=0.9883346741753821, recall_score=0.9951397326852977), test_metric_artifact=ClassificationMetricArtifact(f1_score=0.9713818479149632, precision_score=0.9682151589242054, recall_score=0.9745693191140279))
[ 2025-05-30 17:41:16,816 ] 41 root - INFO - Model Training artifact created
