[ 2025-07-13 13:05:42,259 ] 1025 httpx - INFO - HTTP Request: GET https://dagshub.com/api/v1/user "HTTP/1.1 200 OK"
[ 2025-07-13 13:05:42,259 ] 107 dagshub - INFO - Accessing as Rishu0200
[ 2025-07-13 13:05:42,864 ] 1025 httpx - INFO - HTTP Request: GET https://dagshub.com/api/v1/repos/Rishu0200/NetworkSecurity "HTTP/1.1 200 OK"
[ 2025-07-13 13:05:43,419 ] 1025 httpx - INFO - HTTP Request: GET https://dagshub.com/api/v1/user "HTTP/1.1 200 OK"
[ 2025-07-13 13:05:43,419 ] 107 dagshub - INFO - Initialized MLflow to track repo "Rishu0200/NetworkSecurity"
[ 2025-07-13 13:05:43,419 ] 107 dagshub - INFO - Repository Rishu0200/NetworkSecurity initialized!
[ 2025-07-13 13:05:43,419 ] 20 root - INFO - Initiate the data ingestion
[ 2025-07-13 13:05:46,141 ] 65 root - INFO - Performed train test split on the dataframe
[ 2025-07-13 13:05:46,141 ] 67 root - INFO - Exited split_data_as_train_test method of Data_Ingestion class
[ 2025-07-13 13:05:46,141 ] 75 root - INFO - Exporting train and test file path.
[ 2025-07-13 13:05:46,183 ] 84 root - INFO - Exported train and test file path.
[ 2025-07-13 13:05:46,183 ] 22 root - INFO - Data Initiation Completed
[ 2025-07-13 13:05:46,243 ] 26 root - INFO - Initiate the data Validation
[ 2025-07-13 13:05:46,320 ] 32 root - INFO - Required number of columns:2
[ 2025-07-13 13:05:46,320 ] 33 root - INFO - Data frame has columns:31
[ 2025-07-13 13:05:46,320 ] 32 root - INFO - Required number of columns:2
[ 2025-07-13 13:05:46,320 ] 33 root - INFO - Data frame has columns:31
[ 2025-07-13 13:05:46,460 ] 28 root - INFO - data Validation Completed
[ 2025-07-13 13:05:46,460 ] 31 root - INFO - data Transformation started
[ 2025-07-13 13:05:46,460 ] 63 root - INFO - Entered initiate_data_transformation method of DataTransformation class
[ 2025-07-13 13:05:46,460 ] 65 root - INFO - Starting data transformation
[ 2025-07-13 13:05:46,483 ] 48 root - INFO - Entered get_data_trnasformer_object method of Transformation class
[ 2025-07-13 13:05:46,483 ] 53 root - INFO - Initialise KNNImputer with {'missing_values': nan, 'n_neighbors': 3, 'weights': 'uniform'}
[ 2025-07-13 13:05:46,500 ] 46 root - INFO - Entered the save_object method of MainUtils class
[ 2025-07-13 13:05:46,500 ] 50 root - INFO - Exited the save_object method of MainUtils class
[ 2025-07-13 13:05:46,500 ] 46 root - INFO - Entered the save_object method of MainUtils class
[ 2025-07-13 13:05:46,500 ] 50 root - INFO - Exited the save_object method of MainUtils class
[ 2025-07-13 13:05:46,500 ] 35 root - INFO - data Transformation completed
[ 2025-07-13 13:05:46,500 ] 36 root - INFO - Model Training sstared
[ 2025-07-13 13:10:42,835 ] 46 root - INFO - Entered the save_object method of MainUtils class
[ 2025-07-13 13:10:42,837 ] 50 root - INFO - Exited the save_object method of MainUtils class
[ 2025-07-13 13:10:42,837 ] 46 root - INFO - Entered the save_object method of MainUtils class
[ 2025-07-13 13:10:42,866 ] 50 root - INFO - Exited the save_object method of MainUtils class
[ 2025-07-13 13:10:42,866 ] 153 root - INFO - Model trainer artifact: ModelTrainerArtifact(trained_model_file_path='Artifacts\\07_13_2025_13_05_37\\model_trainer\\trained_model\\model.pkl', train_metric_artifact=ClassificationMetricArtifact(f1_score=0.9916564916564916, precision_score=0.9920602605863192, recall_score=0.991253051261188), test_metric_artifact=ClassificationMetricArtifact(f1_score=0.9711967545638945, precision_score=0.9779411764705882, recall_score=0.9645447219983884))
[ 2025-07-13 13:10:42,869 ] 41 root - INFO - Model Training artifact created
