[ 2025-05-31 15:19:20,175 ] 1025 httpx - INFO - HTTP Request: GET https://dagshub.com/api/v1/user "HTTP/1.1 200 OK"
[ 2025-05-31 15:19:20,175 ] 107 dagshub - INFO - Accessing as Rishu0200
[ 2025-05-31 15:19:20,568 ] 1025 httpx - INFO - HTTP Request: GET https://dagshub.com/api/v1/repos/Rishu0200/NetworkSecurity "HTTP/1.1 200 OK"
[ 2025-05-31 15:19:20,915 ] 1025 httpx - INFO - HTTP Request: GET https://dagshub.com/api/v1/user "HTTP/1.1 200 OK"
[ 2025-05-31 15:19:20,915 ] 107 dagshub - INFO - Initialized MLflow to track repo "Rishu0200/NetworkSecurity"
[ 2025-05-31 15:19:20,915 ] 107 dagshub - INFO - Repository Rishu0200/NetworkSecurity initialized!
[ 2025-05-31 15:23:22,013 ] 42 root - INFO - Start data Ingestion
[ 2025-05-31 15:23:24,440 ] 65 root - INFO - Performed train test split on the dataframe
[ 2025-05-31 15:23:24,440 ] 67 root - INFO - Exited split_data_as_train_test method of Data_Ingestion class
[ 2025-05-31 15:23:24,455 ] 75 root - INFO - Exporting train and test file path.
[ 2025-05-31 15:23:24,506 ] 84 root - INFO - Exported train and test file path.
[ 2025-05-31 15:23:24,506 ] 45 root - INFO - Data Ingestion completed and artifact: DataIngestionArtifact(trained_file_path='Artifacts\\05_31_2025_15_19_17\\data_ingestion\\ingested\\train.csv', test_file_path='Artifacts\\05_31_2025_15_19_17\\data_ingestion\\ingested\\test.csv')
[ 2025-05-31 15:23:24,537 ] 55 root - INFO - Initiate the data Validation
[ 2025-05-31 15:23:24,600 ] 32 root - INFO - Required number of columns:2
[ 2025-05-31 15:23:24,600 ] 33 root - INFO - Data frame has columns:31
[ 2025-05-31 15:23:24,600 ] 32 root - INFO - Required number of columns:2
[ 2025-05-31 15:23:24,600 ] 33 root - INFO - Data frame has columns:31
[ 2025-05-31 15:23:24,808 ] 63 root - INFO - Entered initiate_data_transformation method of DataTransformation class
[ 2025-05-31 15:23:24,808 ] 65 root - INFO - Starting data transformation
[ 2025-05-31 15:23:24,841 ] 48 root - INFO - Entered get_data_trnasformer_object method of Transformation class
[ 2025-05-31 15:23:24,841 ] 53 root - INFO - Initialise KNNImputer with {'missing_values': nan, 'n_neighbors': 3, 'weights': 'uniform'}
[ 2025-05-31 15:23:24,858 ] 46 root - INFO - Entered the save_object method of MainUtils class
[ 2025-05-31 15:23:24,876 ] 50 root - INFO - Exited the save_object method of MainUtils class
[ 2025-05-31 15:23:24,876 ] 46 root - INFO - Entered the save_object method of MainUtils class
[ 2025-05-31 15:23:24,876 ] 50 root - INFO - Exited the save_object method of MainUtils class
[ 2025-05-31 15:27:09,480 ] 46 root - INFO - Entered the save_object method of MainUtils class
[ 2025-05-31 15:27:09,480 ] 50 root - INFO - Exited the save_object method of MainUtils class
[ 2025-05-31 15:27:09,480 ] 46 root - INFO - Entered the save_object method of MainUtils class
[ 2025-05-31 15:27:09,501 ] 50 root - INFO - Exited the save_object method of MainUtils class
[ 2025-05-31 15:27:09,501 ] 153 root - INFO - Model trainer artifact: ModelTrainerArtifact(trained_model_file_path='Artifacts\\05_31_2025_15_19_17\\model_trainer\\trained_model\\model.pkl', train_metric_artifact=ClassificationMetricArtifact(f1_score=0.990080971659919, precision_score=0.989279935275081, recall_score=0.9908833063209076), test_metric_artifact=ClassificationMetricArtifact(f1_score=0.9771801140994295, precision_score=0.9724249797242498, recall_score=0.9819819819819819))
